<?xml version="1.0" encoding="UTF-8"?>
<!-- Generated by org.testng.reporters.JUnitReportReporter -->
<testsuite skipped="0" hostname="Dell-PC" name="TestScenarios.CafeTownSendTestCases" tests="3" failures="0" timestamp="13 Dec 2018 10:11:38 GMT" time="164.285" errors="0">
  <testcase name="CreateNewEmployee" time="41.840" classname="TestScenarios.CafeTownSendTestCases"/>
  <testcase name="UpdateEmployeeDetail" time="55.583" classname="TestScenarios.CafeTownSendTestCases"/>
  <testcase name="DeleteEmployee" time="66.862" classname="TestScenarios.CafeTownSendTestCases"/>
</testsuite> <!-- TestScenarios.CafeTownSendTestCases -->
