<?xml version="1.0" encoding="UTF-8"?>
<!-- Generated by org.testng.reporters.JUnitReportReporter -->
<testsuite skipped="0" hostname="Dell-PC" name="TestScenarios.CafeTownSendTestCases" tests="3" failures="0" timestamp="13 Dec 2018 08:42:48 GMT" time="123.097" errors="0">
  <testcase name="CreateNewEmployee" time="28.394" classname="TestScenarios.CafeTownSendTestCases"/>
  <testcase name="UpdateEmployeeDetail" time="40.455" classname="TestScenarios.CafeTownSendTestCases"/>
  <testcase name="DeleteEmployee" time="54.248" classname="TestScenarios.CafeTownSendTestCases"/>
</testsuite> <!-- TestScenarios.CafeTownSendTestCases -->
